Terrasses Lames de terrasse en composite Lames de terrasse exotique Lames
de terrasse bois d'Europe Accessoires pour terrasse en bois Accessoires
composite Tous les articles Toutes les catégories Envoyer une
sélection Sélection client Magali Lescarmeur Magali Lescarmeur Fanny
Declas Thierry Gacon berenger florent berenger florent berenger florent
berenger florent berenger florent berenger florent berenger florent
berenger florent Florent Bérenger Votre sélection de produits La
Parqueterie Nouvelle Bonjour Mme. Florent Bérenger Merci de votre visite
à La Parqueterie Nouvelle. Retrouvez ci-dessous, votre séléction
de produit : Lame De Terrasse Ipe Choix Courant Fixation A Visser 1 Face
Lisse / 1 Face Antiderapante Profil Peigne. Lame De Terrasse Frene
Thermochauffe Choix Courant Fixation Invisible Face Lisse Et Bombe Avec
Fixation Et Vis Lame De Terrasse Elondo Choix Courant Fixation Invisible 2
Faces Lisses Rainure Et Languette En Bout. Home > Sélection client >
Florent Bérenger // main menu $(".navbar-wrapper
ul.nav>li>ul").each(function () { var li = $(this).parent(); var a =
$("a.main", li); $(this).addClass("dropdown-menu");
li.addClass("dropdown"); a.addClass("dropdown-toggle"); li.on("mouseenter",
function () { $("ul", $(this)).show(); }); li.on("mouseleave", function ()
{ $("ul", $(this)).hide(); }); }); // side menu $(".bs-sidenav
ul").each(function () { $(this).addClass("nav"); });
$(document).ready(function() { // initialize projekktor, the HTML5 video
player projekktor( 'video', {playerFlashMP4:
"/website/static/lib/projekktor/jarisplayer.swf"} ); // lightbox (magnific)
$('a.thumbnail').magnificPopup({ type:'image', gallery: { enabled: true }
}); $(".image-hotspot").tooltip(); $(".image-marker").tooltip(); });